<?xml version="1.0" encoding="UTF-8"?>
<!-- Generated by org.testng.reporters.JUnitXMLReporter -->
<testsuite ignored="0" hostname="APL-5PSJTH4" failures="0" tests="7" name="Default test" time="85.241" errors="0" timestamp="2026-07-06T12:23:49 IST">
  <testcase classname="tests.NopCommerceTest" name="registerTest" time="7.645"/>
  <testcase classname="tests.NopCommerceTest" name="loginTest" time="4.91"/>
  <testcase classname="tests.NopCommerceTest" name="searchProductTest" time="4.592"/>
  <testcase classname="tests.NopCommerceTest" name="addToCartTest" time="3.086"/>
  <testcase classname="tests.NopCommerceTest" name="wishlistTest" time="0.033"/>
  <testcase classname="tests.NopCommerceTest" name="shoppingCartTest" time="45.711"/>
  <testcase classname="tests.NopCommerceTest" name="verifyOrderPlacedTest" time="0.009"/>
</testsuite> <!-- Default test -->
