<?xml version="1.0" encoding="UTF-8"?>
<!-- Generated by org.testng.reporters.JUnitXMLReporter -->
<testsuite ignored="0" hostname="APL-5PSJTH4" failures="0" tests="7" name="Default test" time="102.23" errors="0" timestamp="2026-07-07T10:12:34 IST">
  <testcase classname="tests.NopCommerceTest" name="registerTest" time="6.611"/>
  <testcase classname="tests.NopCommerceTest" name="loginTest" time="4.675"/>
  <testcase classname="tests.NopCommerceTest" name="searchProductTest" time="4.898"/>
  <testcase classname="tests.NopCommerceTest" name="addToCartTest" time="3.177"/>
  <testcase classname="tests.NopCommerceTest" name="wishlistTest" time="0.072"/>
  <testcase classname="tests.NopCommerceTest" name="shoppingCartTest" time="46.954"/>
  <testcase classname="tests.NopCommerceTest" name="verifyOrderPlacedTest" time="0.022"/>
</testsuite> <!-- Default test -->
