<?xml version="1.0" encoding="UTF-8"?>
<!-- Generated by org.testng.reporters.JUnitReportReporter -->
<testsuite hostname="APL-5PSJTH4" failures="0" tests="15" name="tests.NopCommerceTest" time="72.430" errors="0" timestamp="2026-07-10T11:13:52 IST" skipped="0">
  <testcase classname="tests.NopCommerceTest" name="verifyHomePageLoadedTest" time="0.168"/>
  <testcase classname="tests.NopCommerceTest" name="openRegisterPageTest" time="0.571"/>
  <testcase classname="tests.NopCommerceTest" name="invalidRegistrationTest" time="3.734"/>
  <testcase classname="tests.NopCommerceTest" name="registerTest" time="4.985"/>
  <testcase classname="tests.NopCommerceTest" name="invalidLoginTest" time="1.142"/>
  <testcase classname="tests.NopCommerceTest" name="loginTest" time="3.633"/>
  <testcase classname="tests.NopCommerceTest" name="verifyLoginSuccessTest" time="0.014"/>
  <testcase classname="tests.NopCommerceTest" name="invalidSearchProductTest" time="2.933"/>
  <testcase classname="tests.NopCommerceTest" name="searchProductTest" time="3.905"/>
  <testcase classname="tests.NopCommerceTest" name="openProductDetailsTest" time="0.691"/>
  <testcase classname="tests.NopCommerceTest" name="addToCartTest" time="3.065"/>
  <testcase classname="tests.NopCommerceTest" name="wishlistTest" time="0.036"/>
  <testcase classname="tests.NopCommerceTest" name="openShoppingCartTest" time="4.198"/>
  <testcase classname="tests.NopCommerceTest" name="checkoutTest" time="43.337"/>
  <testcase classname="tests.NopCommerceTest" name="verifyOrderPlacedTest" time="0.018"/>
</testsuite> <!-- tests.NopCommerceTest -->
