<?xml version="1.0" encoding="UTF-8"?>
<!-- Generated by org.testng.reporters.JUnitXMLReporter -->
<testsuite ignored="0" hostname="APL-5PSJTH4" failures="0" tests="15" name="NopCommerce Tests" time="86.647" errors="0" timestamp="2026-07-09T15:39:58 IST">
  <testcase classname="tests.NopCommerceTest" name="verifyHomePageLoadedTest" time="0.081"/>
  <testcase classname="tests.NopCommerceTest" name="openRegisterPageTest" time="0.792"/>
  <testcase classname="tests.NopCommerceTest" name="invalidRegistrationTest" time="3.082"/>
  <testcase classname="tests.NopCommerceTest" name="registerTest" time="4.928"/>
  <testcase classname="tests.NopCommerceTest" name="invalidLoginTest" time="1.363"/>
  <testcase classname="tests.NopCommerceTest" name="loginTest" time="4.596"/>
  <testcase classname="tests.NopCommerceTest" name="verifyLoginSuccessTest" time="0.015"/>
  <testcase classname="tests.NopCommerceTest" name="invalidSearchProductTest" time="2.571"/>
  <testcase classname="tests.NopCommerceTest" name="searchProductTest" time="3.65"/>
  <testcase classname="tests.NopCommerceTest" name="openProductDetailsTest" time="0.651"/>
  <testcase classname="tests.NopCommerceTest" name="addToCartTest" time="3.1"/>
  <testcase classname="tests.NopCommerceTest" name="wishlistTest" time="0.043"/>
  <testcase classname="tests.NopCommerceTest" name="openShoppingCartTest" time="3.662"/>
  <testcase classname="tests.NopCommerceTest" name="checkoutTest" time="42.246"/>
  <testcase classname="tests.NopCommerceTest" name="verifyOrderPlacedTest" time="0.015"/>
</testsuite> <!-- NopCommerce Tests -->
