<?xml version="1.0" encoding="UTF-8"?>
<!-- Generated by org.testng.reporters.JUnitXMLReporter -->
<testsuite ignored="0" hostname="APL-5PSJTH4" failures="0" tests="7" name="NopCommerce Tests" time="78.667" errors="0" timestamp="2026-07-06T16:36:49 IST">
  <testcase classname="tests.NopCommerceTest" name="registerTest" time="5.458"/>
  <testcase classname="tests.NopCommerceTest" name="loginTest" time="4.682"/>
  <testcase classname="tests.NopCommerceTest" name="searchProductTest" time="4.212"/>
  <testcase classname="tests.NopCommerceTest" name="addToCartTest" time="3.069"/>
  <testcase classname="tests.NopCommerceTest" name="wishlistTest" time="0.039"/>
  <testcase classname="tests.NopCommerceTest" name="shoppingCartTest" time="45.671"/>
  <testcase classname="tests.NopCommerceTest" name="verifyOrderPlacedTest" time="0.008"/>
</testsuite> <!-- NopCommerce Tests -->
